{"meta": {"version": "7.3.2", "timestamp": "2023-12-01T19:54:29.776538", "branch_coverage": false, "show_contexts": false}, "files": {"__init__.py": {"executed_lines": [1], "summary": {"covered_lines": 0, "num_statements": 0, "percent_covered": 100.0, "percent_covered_display": "100", "missing_lines": 0, "excluded_lines": 0}, "missing_lines": [], "excluded_lines": []}, "differential_evolution.py": {"executed_lines": [1, 3, 4, 6, 7, 8, 9, 10, 11, 13, 14, 15, 16, 17, 18, 19, 20, 21, 22, 23, 24, 25, 26, 28, 29, 30, 32, 33, 34, 36, 37, 39, 40, 41, 42, 44, 45, 46, 47, 48, 50, 52, 53, 54, 56, 57, 58, 59, 60, 61, 62, 64, 66, 67, 69, 70, 72, 74, 76], "summary": {"covered_lines": 59, "num_statements": 59, "percent_covered": 100.0, "percent_covered_display": "100", "missing_lines": 0, "excluded_lines": 0}, "missing_lines": [], "excluded_lines": []}, "test_de.py": {"executed_lines": [1, 2, 4, 9, 10, 14, 15, 29, 34, 35, 37, 38, 42, 43, 44, 45, 46, 47, 48, 49, 50, 51, 52, 53, 54, 55, 58, 63, 64, 66, 67, 69, 71, 74, 79, 81, 82, 83, 85, 86, 88, 90, 92, 93, 94, 97, 102, 104, 106, 107, 109, 111, 113, 115, 117], "summary": {"covered_lines": 55, "num_statements": 55, "percent_covered": 100.0, "percent_covered_display": "100", "missing_lines": 0, "excluded_lines": 0}, "missing_lines": [], "excluded_lines": []}}, "totals": {"covered_lines": 114, "num_statements": 114, "percent_covered": 100.0, "percent_covered_display": "100", "missing_lines": 0, "excluded_lines": 0}}